<?xml version="1.0" encoding="UTF-8"?>
<testsuite name="hexlet.code.AppTest" tests="2" skipped="2" failures="0" errors="0" timestamp="2025-12-09T08:37:43" hostname="DESKTOP-LDRVVET" time="0.011">
  <properties/>
  <testcase name="Test App.main Hello World!" classname="hexlet.code.AppTest" time="0.001">
    <skipped/>
  </testcase>
  <testcase name="Test: Exercise1 Segment" classname="hexlet.code.AppTest" time="0.0">
    <skipped/>
  </testcase>
  <system-out><![CDATA[]]></system-out>
  <system-err><![CDATA[]]></system-err>
</testsuite>
